TN:
SF:/mnt/documentos/docs/Documentos/Docs_Actual/Proyectos/udacity/javascriptDesignPatterns/ud989-cat-clicker-andy/app/js/core.js
FN:7,_interopRequireDefault
FN:32,getAllCats
FN:35,getCat
FN:36,(anonymous_4)
FN:41,incCounter
FN:51,init
FN:64,onSelectCat
FN:68,onClickCat
FN:77,init
FN:83,(anonymous_10)
FN:89,render
FN:92,(anonymous_12)
FN:100,_onClick
FN:103,(anonymous_14)
FN:112,init
FN:117,(anonymous_16)
FN:122,render
FN:127,setEventsHandler
FN:131,updatesClicks
FNF:19
FNH:14
FNDA:1,_interopRequireDefault
FNDA:2,getAllCats
FNDA:5,getCat
FNDA:25,(anonymous_4)
FNDA:2,incCounter
FNDA:1,init
FNDA:0,onSelectCat
FNDA:0,onClickCat
FNDA:4,init
FNDA:0,(anonymous_10)
FNDA:3,render
FNDA:9,(anonymous_12)
FNDA:9,_onClick
FNDA:2,(anonymous_14)
FNDA:2,init
FNDA:0,(anonymous_16)
FNDA:2,render
FNDA:2,setEventsHandler
FNDA:0,updatesClicks
DA:3,1
DA:5,1
DA:7,1
DA:9,1
DA:33,2
DA:36,5
DA:37,25
DA:39,5
DA:42,2
DA:43,2
DA:44,2
DA:49,1
DA:52,1
DA:53,1
DA:55,1
DA:56,1
DA:57,1
DA:58,1
DA:59,1
DA:60,1
DA:61,1
DA:65,0
DA:66,0
DA:69,0
DA:70,0
DA:71,0
DA:75,1
DA:78,4
DA:80,4
DA:81,4
DA:82,4
DA:83,4
DA:85,4
DA:86,4
DA:87,4
DA:90,3
DA:92,3
DA:93,9
DA:94,9
DA:95,9
DA:96,9
DA:97,9
DA:101,9
DA:103,9
DA:104,2
DA:105,2
DA:110,1
DA:113,2
DA:115,2
DA:116,2
DA:117,2
DA:119,2
DA:120,2
DA:123,2
DA:124,2
DA:125,2
DA:128,2
DA:129,2
DA:132,0
DA:133,0
DA:137,1
LF:61
LH:54
BRDA:7,1,0,0
BRDA:7,1,1,1
BRDA:7,2,0,1
BRDA:7,2,1,1
BRDA:39,3,0,5
BRDA:39,3,1,5
BRDA:43,4,0,2
BRDA:43,4,1,0
BRDA:58,5,0,1
BRDA:58,5,1,0
BRDA:78,6,0,1
BRDA:78,6,1,3
BRDA:78,7,0,4
BRDA:78,7,1,3
BRDA:81,8,0,1
BRDA:81,8,1,3
BRDA:83,9,0,3
BRDA:83,9,1,1
BRDA:113,10,0,0
BRDA:113,10,1,2
BRDA:113,11,0,2
BRDA:113,11,1,2
BRDA:117,12,0,2
BRDA:117,12,1,0
BRF:24
BRH:19
end_of_record
